# JRE version: Java(TM) SE Runtime Environment (8.0_45-b14) (build 1.8.0_45-b14)
# Java VM: Java HotSpot(TM) 64-Bit Server VM (25.45-b02 mixed mode linux-amd64 compressed oops)
Heap:
 def new generation   total 372864K, used 8848K [0x0000000080000000, 0x0000000099490000, 0x00000000aaaa0000)
  eden space 331456K,   2% used [0x0000000080000000, 0x00000000808a40f8, 0x00000000943b0000)
  from space 41408K,   0% used [0x00000000943b0000, 0x00000000943b0000, 0x0000000096c20000)
  to   space 41408K,   0% used [0x0000000096c20000, 0x0000000096c20000, 0x0000000099490000)
 tenured generation   total 831208K, used 831207K [0x00000000aaaa0000, 0x00000000dd65a000, 0x0000000100000000)
   the space 831208K,  99% used [0x00000000aaaa0000, 0x00000000dd659ff8, 0x00000000dd65a000, 0x00000000dd65a000)
 Metaspace       used 12059K, capacity 12198K, committed 12416K, reserved 1060864K
  class space    used 1211K, capacity 1309K, committed 1408K, reserved 1048576K
GC Heap History (10 events):
Event: 911.586 GC heap after
Heap after GC invocations=334 (full 3):
 def new generation   total 372864K, used 24428K [0x0000000080000000, 0x0000000099490000, 0x00000000aaaa0000)
  eden space 331456K,   0% used [0x0000000080000000, 0x0000000080000000, 0x00000000943b0000)
  from space 41408K,  58% used [0x0000000096c20000, 0x00000000983fb208, 0x0000000099490000)
  to   space 41408K,   0% used [0x00000000943b0000, 0x00000000943b0000, 0x0000000096c20000)
 tenured generation   total 828328K, used 807009K [0x00000000aaaa0000, 0x00000000dd38a000, 0x0000000100000000)
   the space 828328K,  97% used [0x00000000aaaa0000, 0x00000000dbeb8400, 0x00000000dbeb8400, 0x00000000dd38a000)
 Metaspace       used 12059K, capacity 12198K, committed 12416K, reserved 1060864K
  class space    used 1211K, capacity 1309K, committed 1408K, reserved 1048576K
}
Event: 916.635 GC heap before
{Heap before GC invocations=334 (full 3):
 def new generation   total 372864K, used 355884K [0x0000000080000000, 0x0000000099490000, 0x00000000aaaa0000)
  eden space 331456K, 100% used [0x0000000080000000, 0x00000000943b0000, 0x00000000943b0000)
  from space 41408K,  58% used [0x0000000096c20000, 0x00000000983fb208, 0x0000000099490000)
  to   space 41408K,   0% used [0x00000000943b0000, 0x00000000943b0000, 0x0000000096c20000)
 tenured generation   total 828328K, used 807009K [0x00000000aaaa0000, 0x00000000dd38a000, 0x0000000100000000)
   the space 828328K,  97% used [0x00000000aaaa0000, 0x00000000dbeb8400, 0x00000000dbeb8400, 0x00000000dd38a000)
 Metaspace       used 12059K, capacity 12198K, committed 12416K, reserved 1060864K
  class space    used 1211K, capacity 1309K, committed 1408K, reserved 1048576K
Event: 916.861 GC heap after
Heap after GC invocations=335 (full 3):
 def new generation   total 372864K, used 24653K [0x0000000080000000, 0x0000000099490000, 0x00000000aaaa0000)
  eden space 331456K,   0% used [0x0000000080000000, 0x0000000080000000, 0x00000000943b0000)
  from space 41408K,  59% used [0x00000000943b0000, 0x0000000095bc36b8, 0x0000000096c20000)
  to   space 41408K,   0% used [0x0000000096c20000, 0x0000000096c20000, 0x0000000099490000)
 tenured generation   total 828328K, used 811469K [0x00000000aaaa0000, 0x00000000dd38a000, 0x0000000100000000)
   the space 828328K,  97% used [0x00000000aaaa0000, 0x00000000dc3135a0, 0x00000000dc313600, 0x00000000dd38a000)
 Metaspace       used 12059K, capacity 12198K, committed 12416K, reserved 1060864K
  class space    used 1211K, capacity 1309K, committed 1408K, reserved 1048576K
}
Event: 922.510 GC heap before
{Heap before GC invocations=335 (full 3):
 def new generation   total 372864K, used 356109K [0x0000000080000000, 0x0000000099490000, 0x00000000aaaa0000)
  eden space 331456K, 100% used [0x0000000080000000, 0x00000000943b0000, 0x00000000943b0000)
  from space 41408K,  59% used [0x00000000943b0000, 0x0000000095bc36b8, 0x0000000096c20000)
  to   space 41408K,   0% used [0x0000000096c20000, 0x0000000096c20000, 0x0000000099490000)
 tenured generation   total 828328K, used 811469K [0x00000000aaaa0000, 0x00000000dd38a000, 0x0000000100000000)
   the space 828328K,  97% used [0x00000000aaaa0000, 0x00000000dc3135a0, 0x00000000dc313600, 0x00000000dd38a000)
 Metaspace       used 12059K, capacity 12198K, committed 12416K, reserved 1060864K
  class space    used 1211K, capacity 1309K, committed 1408K, reserved 1048576K
Event: 922.721 GC heap after
Heap after GC invocations=336 (full 3):
 def new generation   total 372864K, used 24544K [0x0000000080000000, 0x0000000099490000, 0x00000000aaaa0000)
  eden space 331456K,   0% used [0x0000000080000000, 0x0000000080000000, 0x00000000943b0000)
  from space 41408K,  59% used [0x0000000096c20000, 0x00000000984182e0, 0x0000000099490000)
  to   space 41408K,   0% used [0x00000000943b0000, 0x00000000943b0000, 0x0000000096c20000)
 tenured generation   total 828328K, used 816881K [0x00000000aaaa0000, 0x00000000dd38a000, 0x0000000100000000)
   the space 828328K,  98% used [0x00000000aaaa0000, 0x00000000dc85c770, 0x00000000dc85c800, 0x00000000dd38a000)
 Metaspace       used 12059K, capacity 12198K, committed 12416K, reserved 1060864K
  class space    used 1211K, capacity 1309K, committed 1408K, reserved 1048576K
}
Event: 927.827 GC heap before
{Heap before GC invocations=336 (full 3):
 def new generation   total 372864K, used 356000K [0x0000000080000000, 0x0000000099490000, 0x00000000aaaa0000)
  eden space 331456K, 100% used [0x0000000080000000, 0x00000000943b0000, 0x00000000943b0000)
  from space 41408K,  59% used [0x0000000096c20000, 0x00000000984182e0, 0x0000000099490000)
  to   space 41408K,   0% used [0x00000000943b0000, 0x00000000943b0000, 0x0000000096c20000)
 tenured generation   total 828328K, used 816881K [0x00000000aaaa0000, 0x00000000dd38a000, 0x0000000100000000)
   the space 828328K,  98% used [0x00000000aaaa0000, 0x00000000dc85c770, 0x00000000dc85c800, 0x00000000dd38a000)
 Metaspace       used 12059K, capacity 12198K, committed 12416K, reserved 1060864K
  class space    used 1211K, capacity 1309K, committed 1408K, reserved 1048576K
Event: 928.147 GC heap after
Heap after GC invocations=337 (full 3):
 def new generation   total 372864K, used 24166K [0x0000000080000000, 0x0000000099490000, 0x00000000aaaa0000)
  eden space 331456K,   0% used [0x0000000080000000, 0x0000000080000000, 0x00000000943b0000)
  from space 41408K,  58% used [0x00000000943b0000, 0x0000000095b499b8, 0x0000000096c20000)
  to   space 41408K,   0% used [0x0000000096c20000, 0x0000000096c20000, 0x0000000099490000)
 tenured generation   total 828328K, used 821655K [0x00000000aaaa0000, 0x00000000dd38a000, 0x0000000100000000)
   the space 828328K,  99% used [0x00000000aaaa0000, 0x00000000dcd05d28, 0x00000000dcd05e00, 0x00000000dd38a000)
 Metaspace       used 12059K, capacity 12198K, committed 12416K, reserved 1060864K
  class space    used 1211K, capacity 1309K, committed 1408K, reserved 1048576K
}
Event: 932.815 GC heap before
{Heap before GC invocations=337 (full 3):
 def new generation   total 372864K, used 355622K [0x0000000080000000, 0x0000000099490000, 0x00000000aaaa0000)
  eden space 331456K, 100% used [0x0000000080000000, 0x00000000943b0000, 0x00000000943b0000)
  from space 41408K,  58% used [0x00000000943b0000, 0x0000000095b499b8, 0x0000000096c20000)
  to   space 41408K,   0% used [0x0000000096c20000, 0x0000000096c20000, 0x0000000099490000)
 tenured generation   total 828328K, used 821655K [0x00000000aaaa0000, 0x00000000dd38a000, 0x0000000100000000)
   the space 828328K,  99% used [0x00000000aaaa0000, 0x00000000dcd05d28, 0x00000000dcd05e00, 0x00000000dd38a000)
 Metaspace       used 12059K, capacity 12198K, committed 12416K, reserved 1060864K
  class space    used 1211K, capacity 1309K, committed 1408K, reserved 1048576K
Event: 933.027 GC heap after
Heap after GC invocations=338 (full 3):
 def new generation   total 372864K, used 24528K [0x0000000080000000, 0x0000000099490000, 0x00000000aaaa0000)
  eden space 331456K,   0% used [0x0000000080000000, 0x0000000080000000, 0x00000000943b0000)
  from space 41408K,  59% used [0x0000000096c20000, 0x0000000098414130, 0x0000000099490000)
  to   space 41408K,   0% used [0x00000000943b0000, 0x00000000943b0000, 0x0000000096c20000)
 tenured generation   total 828328K, used 826340K [0x00000000aaaa0000, 0x00000000dd38a000, 0x0000000100000000)
   the space 828328K,  99% used [0x00000000aaaa0000, 0x00000000dd199050, 0x00000000dd199200, 0x00000000dd38a000)
 Metaspace       used 12059K, capacity 12198K, committed 12416K, reserved 1060864K
  class space    used 1211K, capacity 1309K, committed 1408K, reserved 1048576K
}
Event: 938.468 GC heap before
{Heap before GC invocations=338 (full 3):
 def new generation   total 372864K, used 355984K [0x0000000080000000, 0x0000000099490000, 0x00000000aaaa0000)
  eden space 331456K, 100% used [0x0000000080000000, 0x00000000943b0000, 0x00000000943b0000)
  from space 41408K,  59% used [0x0000000096c20000, 0x0000000098414130, 0x0000000099490000)
  to   space 41408K,   0% used [0x00000000943b0000, 0x00000000943b0000, 0x0000000096c20000)
 tenured generation   total 828328K, used 826340K [0x00000000aaaa0000, 0x00000000dd38a000, 0x0000000100000000)
   the space 828328K,  99% used [0x00000000aaaa0000, 0x00000000dd199050, 0x00000000dd199200, 0x00000000dd38a000)
 Metaspace       used 12059K, capacity 12198K, committed 12416K, reserved 1060864K
  class space    used 1211K, capacity 1309K, committed 1408K, reserved 1048576K

